#
# There is insufficient memory for the Java Runtime Environment to continue.
# Native memory allocation (mmap) failed to map 266338304 bytes for G1 virtual space
# Possible reasons:
#   The system is out of physical RAM or swap space
#   The process is running with CompressedOops enabled, and the Java Heap may be blocking the growth of the native heap
# Possible solutions:
#   Reduce memory load on the system
#   Increase physical memory or swap space
#   Check if swap backing store is full
#   Decrease Java heap size (-Xmx/-Xms)
#   Decrease number of Java threads
#   Decrease Java thread stack sizes (-Xss)
#   Set larger code cache with -XX:ReservedCodeCacheSize=
#   JVM is running with Zero Based Compressed Oops mode in which the Java heap is
#     placed in the first 32GB address space. The Java Heap base address is the
#     maximum limit for the native heap growth. Please use -XX:HeapBaseMinAddress
#     to set the Java Heap base and to place the Java Heap above 32GB virtual address.
# This output file may be truncated or incomplete.
#
#  Out of Memory Error (os_windows.cpp:3530), pid=5576, tid=13684
#
# JRE version:  (18.0.2.1+1) (build )
# Java VM: Java HotSpot(TM) 64-Bit Server VM (18.0.2.1+1-1, mixed mode, sharing, tiered, compressed oops, compressed class ptrs, g1 gc, windows-amd64)
# No core dump will be written. Minidumps are not enabled by default on client versions of Windows
#

---------------  S U M M A R Y ------------

Command Line: -Dmaven.multiModuleProjectDirectory=E:\MS\eureka-server -Djansi.passthrough=true -Dmaven.home=C:\Users\MageshRagu\.m2\wrapper\dists\apache-maven-3.9.9-bin\4nf9hui3q3djbarqar9g711ggc\apache-maven-3.9.9 -Dclassworlds.conf=C:\Users\MageshRagu\.m2\wrapper\dists\apache-maven-3.9.9-bin\4nf9hui3q3djbarqar9g711ggc\apache-maven-3.9.9\bin\m2.conf -Dmaven.ext.class.path=C:\Program Files\JetBrains\IntelliJ IDEA Community Edition 2023.1\plugins\maven\lib\maven-event-listener.jar -javaagent:C:\Program Files\JetBrains\IntelliJ IDEA Community Edition 2023.1\lib\idea_rt.jar=49258:C:\Program Files\JetBrains\IntelliJ IDEA Community Edition 2023.1\bin -Dfile.encoding=UTF-8 -Dsun.stdout.encoding=UTF-8 -Dsun.stderr.encoding=UTF-8 org.codehaus.classworlds.Launcher -Didea.version=2023.1 spring-boot:run

Host: Intel(R) Core(TM) i5-10210U CPU @ 1.60GHz, 8 cores, 15G,  Windows 11 , 64 bit Build 26100 (10.0.26100.3037)
Time: Mon Mar  3 09:13:25 2025 India Standard Time elapsed time: 2.177561 seconds (0d 0h 0m 2s)

---------------  T H R E A D  ---------------

Current thread (0x0000021ec5784780):  JavaThread "Unknown thread" [_thread_in_vm, id=13684, stack(0x000000bf1f100000,0x000000bf1f200000)]

Stack: [0x000000bf1f100000,0x000000bf1f200000]
Native frames: (J=compiled Java code, j=interpreted, Vv=VM code, C=native code)
V  [jvm.dll+0x6993aa]
V  [jvm.dll+0x7f46dd]
V  [jvm.dll+0x7f5fee]
V  [jvm.dll+0x7f66a3]
V  [jvm.dll+0x25cf1f]
V  [jvm.dll+0x6962f9]
V  [jvm.dll+0x68ae2a]
V  [jvm.dll+0x32255b]
V  [jvm.dll+0x329f36]
V  [jvm.dll+0x37eade]
V  [jvm.dll+0x37ed0f]
V  [jvm.dll+0x2fa2da]
V  [jvm.dll+0x2fb33d]
V  [jvm.dll+0x7c3310]
V  [jvm.dll+0x38be61]
V  [jvm.dll+0x7a2023]
V  [jvm.dll+0x40dc3f]
V  [jvm.dll+0x40f611]
C  [jli.dll+0x526b]
C  [ucrtbase.dll+0x37b0]
C  [KERNEL32.DLL+0x2e8d7]
C  [ntdll.dll+0xbbf2c]


---------------  P R O C E S S  ---------------

Threads class SMR info:
_java_thread_list=0x00007ffe85e1e550, length=0, elements={
}

Java Threads: ( => current thread )

Other Threads:
  0x0000021ec57f59a0 WorkerThread "GC Thread#0" [stack: 0x000000bf1f200000,0x000000bf1f300000] [id=22448]
  0x0000021ec5806e40 ConcurrentGCThread "G1 Main Marker" [stack: 0x000000bf1f300000,0x000000bf1f400000] [id=11484]
  0x0000021ec5807d80 WorkerThread "G1 Conc#0" [stack: 0x000000bf1f400000,0x000000bf1f500000] [id=15196]

[error occurred during error reporting (printing all threads), id 0xc0000005, EXCEPTION_ACCESS_VIOLATION (0xc0000005) at pc=0x00007ffe8564a877]

VM state: not at safepoint (not fully initialized)

VM Mutex/Monitor currently owned by a thread:  ([mutex/lock_event])
[0x0000021ec57821f0] Heap_lock - owner thread: 0x0000021ec5784780

Heap address: 0x0000000703a00000, size: 4038 MB, Compressed Oops mode: Zero based, Oop shift amount: 3

CDS archive(s) mapped at: [0x0000000000000000-0x0000000000000000-0x0000000000000000), size 0, SharedBaseAddress: 0x0000000800000000, ArchiveRelocationMode: 0.
Narrow klass base: 0x0000000000000000, Narrow klass shift: 0, Narrow klass range: 0x0

GC Precious Log:
 CardTable entry size: 512
 Card Set container configuration: InlinePtr #cards 4 size 8 Array Of Cards #cards 16 size 48 Howl #buckets 8 coarsen threshold 3686 Howl Bitmap #cards 512 size 80 coarsen threshold 460 Card regions per heap region 1 cards per card region 4096

Heap:
 garbage-first heap   total 0K, used 0K [0x0000000703a00000, 0x0000000800000000)
  region size 2048K, 0 young (0K), 0 survivors (0K)

[error occurred during error reporting (printing heap information), id 0xc0000005, EXCEPTION_ACCESS_VIOLATION (0xc0000005) at pc=0x00007ffe85a31839]

GC Heap History (0 events):
No events

Deoptimization events (0 events):
No events

Classes loaded (0 events):
No events

Classes unloaded (0 events):
No events

Classes redefined (0 events):
No events

Internal exceptions (0 events):
No events

VM Operations (0 events):
No events

Events (1 events):
Event: 0.019 Loaded shared library C:\Program Files\Java\jdk-18.0.2.1\bin\java.dll


Dynamic libraries:
0x00007ff69ae90000 - 0x00007ff69aea0000 	C:\Program Files\Java\jdk-18.0.2.1\bin\java.exe
0x00007fff0a080000 - 0x00007fff0a2e3000 	C:\WINDOWS\SYSTEM32\ntdll.dll
0x00007fff08a10000 - 0x00007fff08ad7000 	C:\WINDOWS\System32\KERNEL32.DLL
0x00007fff07810000 - 0x00007fff07bd7000 	C:\WINDOWS\System32\KERNELBASE.dll
0x00007fff07c10000 - 0x00007fff07d5c000 	C:\WINDOWS\System32\ucrtbase.dll
0x00007ffeddfb0000 - 0x00007ffeddfca000 	C:\Program Files\Java\jdk-18.0.2.1\bin\VCRUNTIME140.dll
0x00007ffeddfd0000 - 0x00007ffeddfe8000 	C:\Program Files\Java\jdk-18.0.2.1\bin\jli.dll
0x00007fff08ae0000 - 0x00007fff08b94000 	C:\WINDOWS\System32\ADVAPI32.dll
0x00007fff096a0000 - 0x00007fff09749000 	C:\WINDOWS\System32\msvcrt.dll
0x00007fff07ec0000 - 0x00007fff07f66000 	C:\WINDOWS\System32\sechost.dll
0x00007fff07f70000 - 0x00007fff08086000 	C:\WINDOWS\System32\RPCRT4.dll
0x00007fff09430000 - 0x00007fff095f9000 	C:\WINDOWS\System32\USER32.dll
0x00007fff07be0000 - 0x00007fff07c07000 	C:\WINDOWS\System32\win32u.dll
0x00007fff09400000 - 0x00007fff0942a000 	C:\WINDOWS\System32\GDI32.dll
0x00007fff07560000 - 0x00007fff0768b000 	C:\WINDOWS\System32\gdi32full.dll
0x00007fff07420000 - 0x00007fff074c3000 	C:\WINDOWS\System32\msvcp_win.dll
0x00007ffee6ff0000 - 0x00007ffee7280000 	C:\WINDOWS\WinSxS\amd64_microsoft.windows.common-controls_6595b64144ccf1df_6.0.26100.3037_none_3e09262ce333c378\COMCTL32.dll
0x00007ffefb2c0000 - 0x00007ffefb2cb000 	C:\WINDOWS\SYSTEM32\VERSION.dll
0x00007fff09750000 - 0x00007fff0977f000 	C:\WINDOWS\System32\IMM32.DLL
0x00007ffed7690000 - 0x00007ffed769c000 	C:\Program Files\Java\jdk-18.0.2.1\bin\vcruntime140_1.dll
0x00007ffed0dd0000 - 0x00007ffed0e5d000 	C:\Program Files\Java\jdk-18.0.2.1\bin\msvcp140.dll
0x00007ffe85340000 - 0x00007ffe85f51000 	C:\Program Files\Java\jdk-18.0.2.1\bin\server\jvm.dll
0x00007fff09030000 - 0x00007fff09038000 	C:\WINDOWS\System32\PSAPI.DLL
0x00007ffee5640000 - 0x00007ffee5676000 	C:\WINDOWS\SYSTEM32\WINMM.dll
0x00007ffee69b0000 - 0x00007ffee69ba000 	C:\WINDOWS\SYSTEM32\WSOCK32.dll
0x00007fff08110000 - 0x00007fff08184000 	C:\WINDOWS\System32\WS2_32.dll
0x00007fff061f0000 - 0x00007fff0620a000 	C:\WINDOWS\SYSTEM32\kernel.appcore.dll
0x00007ffed60c0000 - 0x00007ffed60ca000 	C:\Program Files\Java\jdk-18.0.2.1\bin\jimage.dll
0x00007fff04360000 - 0x00007fff045a1000 	C:\WINDOWS\SYSTEM32\DBGHELP.DLL
0x00007fff082f0000 - 0x00007fff0866e000 	C:\WINDOWS\System32\combase.dll
0x00007fff09f00000 - 0x00007fff09fd6000 	C:\WINDOWS\System32\OLEAUT32.dll
0x00007ffee2c50000 - 0x00007ffee2c89000 	C:\WINDOWS\SYSTEM32\dbgcore.DLL
0x00007fff07e20000 - 0x00007fff07eb9000 	C:\WINDOWS\System32\bcryptPrimitives.dll
0x00007ffefe980000 - 0x00007ffefe98e000 	C:\Program Files\Java\jdk-18.0.2.1\bin\instrument.dll
0x00007ffed0da0000 - 0x00007ffed0dc5000 	C:\Program Files\Java\jdk-18.0.2.1\bin\java.dll

dbghelp: loaded successfully - version: 4.0.5 - missing functions: none
symbol engine: initialized successfully - sym options: 0x614 - pdb path: .;C:\Program Files\Java\jdk-18.0.2.1\bin;C:\WINDOWS\SYSTEM32;C:\WINDOWS\WinSxS\amd64_microsoft.windows.common-controls_6595b64144ccf1df_6.0.26100.3037_none_3e09262ce333c378;C:\Program Files\Java\jdk-18.0.2.1\bin\server

VM Arguments:
jvm_args: -Dmaven.multiModuleProjectDirectory=E:\MS\eureka-server -Djansi.passthrough=true -Dmaven.home=C:\Users\MageshRagu\.m2\wrapper\dists\apache-maven-3.9.9-bin\4nf9hui3q3djbarqar9g711ggc\apache-maven-3.9.9 -Dclassworlds.conf=C:\Users\MageshRagu\.m2\wrapper\dists\apache-maven-3.9.9-bin\4nf9hui3q3djbarqar9g711ggc\apache-maven-3.9.9\bin\m2.conf -Dmaven.ext.class.path=C:\Program Files\JetBrains\IntelliJ IDEA Community Edition 2023.1\plugins\maven\lib\maven-event-listener.jar -javaagent:C:\Program Files\JetBrains\IntelliJ IDEA Community Edition 2023.1\lib\idea_rt.jar=49258:C:\Program Files\JetBrains\IntelliJ IDEA Community Edition 2023.1\bin -Dfile.encoding=UTF-8 -Dsun.stdout.encoding=UTF-8 -Dsun.stderr.encoding=UTF-8 
java_command: org.codehaus.classworlds.Launcher -Didea.version=2023.1 spring-boot:run
java_class_path (initial): C:\Users\MageshRagu\.m2\wrapper\dists\apache-maven-3.9.9-bin\4nf9hui3q3djbarqar9g711ggc\apache-maven-3.9.9\boot\plexus-classworlds-2.8.0.jar;C:\Users\MageshRagu\.m2\wrapper\dists\apache-maven-3.9.9-bin\4nf9hui3q3djbarqar9g711ggc\apache-maven-3.9.9\boot\plexus-classworlds.license
Launcher Type: SUN_STANDARD

[Global flags]
     intx CICompilerCount                          = 4                                         {product} {ergonomic}
     uint ConcGCThreads                            = 2                                         {product} {ergonomic}
     uint G1ConcRefinementThreads                  = 8                                         {product} {ergonomic}
   size_t G1HeapRegionSize                         = 2097152                                   {product} {ergonomic}
    uintx GCDrainStackTargetSize                   = 64                                        {product} {ergonomic}
   size_t InitialHeapSize                          = 266338304                                 {product} {ergonomic}
   size_t MarkStackSize                            = 4194304                                   {product} {ergonomic}
   size_t MaxHeapSize                              = 4234149888                                {product} {ergonomic}
   size_t MinHeapDeltaBytes                        = 2097152                                   {product} {ergonomic}
   size_t MinHeapSize                              = 8388608                                   {product} {ergonomic}
    uintx NonNMethodCodeHeapSize                   = 5839372                                {pd product} {ergonomic}
    uintx NonProfiledCodeHeapSize                  = 122909434                              {pd product} {ergonomic}
    uintx ProfiledCodeHeapSize                     = 122909434                              {pd product} {ergonomic}
    uintx ReservedCodeCacheSize                    = 251658240                              {pd product} {ergonomic}
     bool SegmentedCodeCache                       = true                                      {product} {ergonomic}
   size_t SoftMaxHeapSize                          = 4234149888                             {manageable} {ergonomic}
     bool UseCompressedClassPointers               = true                           {product lp64_product} {ergonomic}
     bool UseCompressedOops                        = true                           {product lp64_product} {ergonomic}
     bool UseG1GC                                  = true                                      {product} {ergonomic}
     bool UseLargePagesIndividualAllocation        = false                                  {pd product} {ergonomic}

Logging:
Log output configuration:
 #0: stdout all=warning uptime,level,tags foldmultilines=false
 #1: stderr all=off uptime,level,tags foldmultilines=false

Environment Variables:
JAVA_HOME=C:\path\to\your\jdk-17
PATH=C:\WINDOWS\system32;C:\WINDOWS;C:\WINDOWS\System32\Wbem;C:\WINDOWS\System32\WindowsPowerShell\v1.0\;C:\WINDOWS\System32\OpenSSH\;C:\Users\MageshRagu\AppData\Roaming\nvm;C:\Program Files\nodejs;C:\Users\MageshRagu\AppData\Roaming\npm;C:\Program Files\Amazon\AWSCLIV2\;C:\Program Files\Amazon\AWSSAMCLI\bin\;C:\Program Files\Docker\Docker\resources\bin;C:\Program Files\Java\jdk-17\bin;C:\Program Files\Maven\apache-maven-3.8.3\bin;C:\Program Files\PostgreSQL\9.6\bin;C:\Users\MageshRagu\AppData\Local\Android\Sdk\platform-tools;C:\Users\MageshRagu\AppData\Local\Android\Sdk\build-tools;C:\Program Files (x86)\Windows Kits\10\Windows Performance Toolkit\;C:\flutter-3.27.3\src\flutter\bin;C:\Program Files\OpenSSL-Win64\bin;C:\Users\MageshRagu\AppData\Local\Programs\Python\Python312\Scripts\;C:\Users\MageshRagu\AppData\Local\Programs\Python\Python312\;C:\Users\MageshRagu\AppData\Local\Microsoft\WindowsApps;C:\Users\MageshRagu\AppData\Local\Programs\Microsoft VS Code\bin;C:\Users\MageshRagu\AppData\Local\Programs\Git\cmd;
USERNAME=MageshRagu
OS=Windows_NT
PROCESSOR_IDENTIFIER=Intel64 Family 6 Model 142 Stepping 12, GenuineIntel



---------------  S Y S T E M  ---------------

OS:
 Windows 11 , 64 bit Build 26100 (10.0.26100.3037)
OS uptime: 4 days 23:51 hours
Hyper-V role detected

CPU: total 8 (initial active 8) (4 cores per cpu, 2 threads per core) family 6 model 142 stepping 12 microcode 0xfc, cx8, cmov, fxsr, ht, mmx, 3dnowpref, sse, sse2, sse3, ssse3, sse4.1, sse4.2, popcnt, lzcnt, tsc, tscinvbit, avx, avx2, aes, erms, clmul, bmi1, bmi2, adx, fma, vzeroupper, clflush, clflushopt, hv

Memory: 4k page, system-wide physical 16144M (2290M free)
TotalPageFile size 24848M (AvailPageFile size 203M)
current process WorkingSet (physical memory assigned to process): 12M, peak: 12M
current process commit charge ("private bytes"): 60M, peak: 314M

vm_info: Java HotSpot(TM) 64-Bit Server VM (18.0.2.1+1-1) for windows-amd64 JRE (18.0.2.1+1-1), built on Aug 16 2022 01:46:33 by "mach5one" with MS VC++ 16.8 / 16.9 (VS2019)

END.
